nohup: ignoring input
SCRIPT START - 05/28/2015 06:20:13 PM
No of Arguments: 11
Collection Name: sample-syw-profilegold-05-dv07
Output Dir: hdfs://heahadn01.hadoop.searshc.com:8020/warehouse/made/work/solr/samplecollection_index
Morphline File: /home/auto/smoham3/morphline/sample/iteration_05_dv06/gold.conf
Schema File: /home/auto/smoham3/morphline/sample/iteration_05_dv06/schema.xml
CREATING COLLECTION DIRECTORY
COPYING TEMPLATE COLLECTION FILES TO CURRENT COLLECTION DIRECTORY
COPYING SCHEMA FILE TO COLLECTION DIRECTORY
COPYING MORPHLINE FILE TO COLLECTION DIRECTORY
BASE_CONFIG_DIR: /appl/solr/map/sample-syw-profilegold-05-dv07
05/28/2015 06:20:13 PM STARTING INSTANCE DIR COMMAND
Uploading configs from /appl/solr/map/sample-syw-profilegold-05-dv07/conf to heahadn02.hadoop.searshc.com:2181,heahadj01.hadoop.searshc.com:2181,heahadn01.hadoop.searshc.com:2181/solr. This may take up to a minute.
05/28/2015 06:20:18 PM CREATING COLLECTION
0    [main] INFO  org.apache.solr.common.cloud.ConnectionManager  - Waiting for client to connect to ZooKeeper
9    [main-EventThread] INFO  org.apache.solr.common.cloud.ConnectionManager  - Watcher org.apache.solr.common.cloud.ConnectionManager@1495a943 name:ZooKeeperConnection Watcher:heahadn01:2181/solr got event WatchedEvent state:SyncConnected type:None path:null path:null type:None
9    [main] INFO  org.apache.solr.common.cloud.ConnectionManager  - Client is connected to ZooKeeper
23   [main] INFO  org.apache.solr.common.cloud.ZkStateReader  - Updating cluster state from ZooKeeper... 
266  [main] INFO  org.apache.solr.hadoop.MapReduceIndexerTool  - Cluster reports 130 mapper slots
514  [main] INFO  org.apache.solr.hadoop.MapReduceIndexerTool  - Cluster reports 26 reduce slots
514  [main] INFO  org.apache.solr.hadoop.MapReduceIndexerTool  - Using these parameters: numFiles: 1, mappers: 1040, realMappers: 1, reducers: 55, shards: 11, fanout: 5, maxSegments: 1
514  [main] INFO  org.apache.solr.hadoop.MapReduceIndexerTool  - Randomizing list of 1 input files to spread indexing load more evenly among mappers
571  [main] INFO  org.apache.solr.hadoop.MapReduceIndexerTool  - Done. Randomizing list of 1 input files took 0.057 secs
581  [main] INFO  org.apache.solr.common.cloud.ConnectionManager  - Waiting for client to connect to ZooKeeper
583  [main-EventThread] INFO  org.apache.solr.common.cloud.ConnectionManager  - Watcher org.apache.solr.common.cloud.ConnectionManager@52878389 name:ZooKeeperConnection Watcher:heahadn01:2181/solr got event WatchedEvent state:SyncConnected type:None path:null path:null type:None
583  [main] INFO  org.apache.solr.common.cloud.ConnectionManager  - Client is connected to ZooKeeper
584  [main] INFO  org.apache.solr.hadoop.ZooKeeperInspector  - Load collection config from:/collections/sample-syw-profilegold-05-dv07
596  [main] INFO  org.apache.solr.cloud.ZkController  - Write file /tmp/1432851631213-0/admin-extra.menu-top.html
604  [main] INFO  org.apache.solr.cloud.ZkController  - Write file /tmp/1432851631213-0/currency.xml
605  [main] INFO  org.apache.solr.cloud.ZkController  - Write file /tmp/1432851631213-0/protwords.txt
606  [main] INFO  org.apache.solr.cloud.ZkController  - Write file /tmp/1432851631213-0/mapping-FoldToASCII.txt
607  [main] INFO  org.apache.solr.cloud.ZkController  - Write file /tmp/1432851631213-0/synonyms-employment.txt
608  [main] INFO  org.apache.solr.cloud.ZkController  - Write file /tmp/1432851631213-0/solrconfig.xml
609  [main] INFO  org.apache.solr.cloud.ZkController  - Write file /tmp/1432851631213-0/stopwords.txt
611  [main] INFO  org.apache.solr.cloud.ZkController  - Write file /tmp/1432851631213-0/lang/contractions_ga.txt
612  [main] INFO  org.apache.solr.cloud.ZkController  - Write file /tmp/1432851631213-0/lang/stopwords_hi.txt
612  [main] INFO  org.apache.solr.cloud.ZkController  - Write file /tmp/1432851631213-0/lang/stopwords_eu.txt
613  [main] INFO  org.apache.solr.cloud.ZkController  - Write file /tmp/1432851631213-0/lang/userdict_ja.txt
613  [main] INFO  org.apache.solr.cloud.ZkController  - Write file /tmp/1432851631213-0/lang/contractions_it.txt
614  [main] INFO  org.apache.solr.cloud.ZkController  - Write file /tmp/1432851631213-0/lang/stopwords_sv.txt
615  [main] INFO  org.apache.solr.cloud.ZkController  - Write file /tmp/1432851631213-0/lang/stopwords_es.txt
615  [main] INFO  org.apache.solr.cloud.ZkController  - Write file /tmp/1432851631213-0/lang/stoptags_ja.txt
616  [main] INFO  org.apache.solr.cloud.ZkController  - Write file /tmp/1432851631213-0/lang/stemdict_nl.txt
616  [main] INFO  org.apache.solr.cloud.ZkController  - Write file /tmp/1432851631213-0/lang/stopwords_bg.txt
617  [main] INFO  org.apache.solr.cloud.ZkController  - Write file /tmp/1432851631213-0/lang/stopwords_hy.txt
617  [main] INFO  org.apache.solr.cloud.ZkController  - Write file /tmp/1432851631213-0/lang/stopwords_el.txt
618  [main] INFO  org.apache.solr.cloud.ZkController  - Write file /tmp/1432851631213-0/lang/hyphenations_ga.txt
618  [main] INFO  org.apache.solr.cloud.ZkController  - Write file /tmp/1432851631213-0/lang/stopwords_ar.txt
619  [main] INFO  org.apache.solr.cloud.ZkController  - Write file /tmp/1432851631213-0/lang/stopwords_fr.txt
619  [main] INFO  org.apache.solr.cloud.ZkController  - Write file /tmp/1432851631213-0/lang/stopwords_pt.txt
620  [main] INFO  org.apache.solr.cloud.ZkController  - Write file /tmp/1432851631213-0/lang/stopwords_nl.txt
620  [main] INFO  org.apache.solr.cloud.ZkController  - Write file /tmp/1432851631213-0/lang/stopwords_th.txt
621  [main] INFO  org.apache.solr.cloud.ZkController  - Write file /tmp/1432851631213-0/lang/stopwords_de.txt
621  [main] INFO  org.apache.solr.cloud.ZkController  - Write file /tmp/1432851631213-0/lang/stopwords_lv.txt
622  [main] INFO  org.apache.solr.cloud.ZkController  - Write file /tmp/1432851631213-0/lang/contractions_ca.txt
623  [main] INFO  org.apache.solr.cloud.ZkController  - Write file /tmp/1432851631213-0/lang/stopwords_ru.txt
623  [main] INFO  org.apache.solr.cloud.ZkController  - Write file /tmp/1432851631213-0/lang/stopwords_ca.txt
624  [main] INFO  org.apache.solr.cloud.ZkController  - Write file /tmp/1432851631213-0/lang/stopwords_da.txt
624  [main] INFO  org.apache.solr.cloud.ZkController  - Write file /tmp/1432851631213-0/lang/stopwords_gl.txt
625  [main] INFO  org.apache.solr.cloud.ZkController  - Write file /tmp/1432851631213-0/lang/stopwords_no.txt
625  [main] INFO  org.apache.solr.cloud.ZkController  - Write file /tmp/1432851631213-0/lang/stopwords_fa.txt
626  [main] INFO  org.apache.solr.cloud.ZkController  - Write file /tmp/1432851631213-0/lang/stopwords_hu.txt
626  [main] INFO  org.apache.solr.cloud.ZkController  - Write file /tmp/1432851631213-0/lang/stopwords_tr.txt
627  [main] INFO  org.apache.solr.cloud.ZkController  - Write file /tmp/1432851631213-0/lang/stopwords_ro.txt
627  [main] INFO  org.apache.solr.cloud.ZkController  - Write file /tmp/1432851631213-0/lang/stopwords_id.txt
628  [main] INFO  org.apache.solr.cloud.ZkController  - Write file /tmp/1432851631213-0/lang/stopwords_cz.txt
628  [main] INFO  org.apache.solr.cloud.ZkController  - Write file /tmp/1432851631213-0/lang/stopwords_ja.txt
629  [main] INFO  org.apache.solr.cloud.ZkController  - Write file /tmp/1432851631213-0/lang/stopwords_fi.txt
630  [main] INFO  org.apache.solr.cloud.ZkController  - Write file /tmp/1432851631213-0/lang/stopwords_it.txt
630  [main] INFO  org.apache.solr.cloud.ZkController  - Write file /tmp/1432851631213-0/lang/contractions_fr.txt
631  [main] INFO  org.apache.solr.cloud.ZkController  - Write file /tmp/1432851631213-0/lang/stopwords_ga.txt
631  [main] INFO  org.apache.solr.cloud.ZkController  - Write file /tmp/1432851631213-0/lang/stopwords_en.txt
632  [main] INFO  org.apache.solr.cloud.ZkController  - Write file /tmp/1432851631213-0/spellings.txt
632  [main] INFO  org.apache.solr.cloud.ZkController  - Write file /tmp/1432851631213-0/mapping-ISOLatin1Accent.txt
633  [main] INFO  org.apache.solr.cloud.ZkController  - Write file /tmp/1432851631213-0/admin-extra.html
634  [main] INFO  org.apache.solr.cloud.ZkController  - Write file /tmp/1432851631213-0/xslt/luke.xsl
634  [main] INFO  org.apache.solr.cloud.ZkController  - Write file /tmp/1432851631213-0/xslt/updateXml.xsl
635  [main] INFO  org.apache.solr.cloud.ZkController  - Write file /tmp/1432851631213-0/xslt/example_atom.xsl
635  [main] INFO  org.apache.solr.cloud.ZkController  - Write file /tmp/1432851631213-0/xslt/example_rss.xsl
636  [main] INFO  org.apache.solr.cloud.ZkController  - Write file /tmp/1432851631213-0/xslt/example.xsl
636  [main] INFO  org.apache.solr.cloud.ZkController  - Write file /tmp/1432851631213-0/scripts.conf
637  [main] INFO  org.apache.solr.cloud.ZkController  - Write file /tmp/1432851631213-0/synonyms.txt
637  [main] INFO  org.apache.solr.cloud.ZkController  - Write file /tmp/1432851631213-0/update-script.js
639  [main] INFO  org.apache.solr.cloud.ZkController  - Write file /tmp/1432851631213-0/velocity/join-doc.vm
639  [main] INFO  org.apache.solr.cloud.ZkController  - Write file /tmp/1432851631213-0/velocity/layout.vm
640  [main] INFO  org.apache.solr.cloud.ZkController  - Write file /tmp/1432851631213-0/velocity/clusterResults.vm
640  [main] INFO  org.apache.solr.cloud.ZkController  - Write file /tmp/1432851631213-0/velocity/debug.vm
641  [main] INFO  org.apache.solr.cloud.ZkController  - Write file /tmp/1432851631213-0/velocity/facet_queries.vm
641  [main] INFO  org.apache.solr.cloud.ZkController  - Write file /tmp/1432851631213-0/velocity/product-doc.vm
642  [main] INFO  org.apache.solr.cloud.ZkController  - Write file /tmp/1432851631213-0/velocity/main.css
642  [main] INFO  org.apache.solr.cloud.ZkController  - Write file /tmp/1432851631213-0/velocity/VM_global_library.vm
643  [main] INFO  org.apache.solr.cloud.ZkController  - Write file /tmp/1432851631213-0/velocity/hitGrouped.vm
643  [main] INFO  org.apache.solr.cloud.ZkController  - Write file /tmp/1432851631213-0/velocity/facets.vm
644  [main] INFO  org.apache.solr.cloud.ZkController  - Write file /tmp/1432851631213-0/velocity/head.vm
644  [main] INFO  org.apache.solr.cloud.ZkController  - Write file /tmp/1432851631213-0/velocity/querySpatial.vm
645  [main] INFO  org.apache.solr.cloud.ZkController  - Write file /tmp/1432851631213-0/velocity/cluster.vm
645  [main] INFO  org.apache.solr.cloud.ZkController  - Write file /tmp/1432851631213-0/velocity/jquery.autocomplete.js
646  [main] INFO  org.apache.solr.cloud.ZkController  - Write file /tmp/1432851631213-0/velocity/browse.vm
647  [main] INFO  org.apache.solr.cloud.ZkController  - Write file /tmp/1432851631213-0/velocity/facet_pivot.vm
647  [main] INFO  org.apache.solr.cloud.ZkController  - Write file /tmp/1432851631213-0/velocity/footer.vm
648  [main] INFO  org.apache.solr.cloud.ZkController  - Write file /tmp/1432851631213-0/velocity/did_you_mean.vm
648  [main] INFO  org.apache.solr.cloud.ZkController  - Write file /tmp/1432851631213-0/velocity/richtext-doc.vm
649  [main] INFO  org.apache.solr.cloud.ZkController  - Write file /tmp/1432851631213-0/velocity/jquery.autocomplete.css
649  [main] INFO  org.apache.solr.cloud.ZkController  - Write file /tmp/1432851631213-0/velocity/header.vm
650  [main] INFO  org.apache.solr.cloud.ZkController  - Write file /tmp/1432851631213-0/velocity/hit.vm
650  [main] INFO  org.apache.solr.cloud.ZkController  - Write file /tmp/1432851631213-0/velocity/suggest.vm
651  [main] INFO  org.apache.solr.cloud.ZkController  - Write file /tmp/1432851631213-0/velocity/query.vm
651  [main] INFO  org.apache.solr.cloud.ZkController  - Write file /tmp/1432851631213-0/velocity/facet_ranges.vm
651  [main] INFO  org.apache.solr.cloud.ZkController  - Write file /tmp/1432851631213-0/velocity/tabs.vm
652  [main] INFO  org.apache.solr.cloud.ZkController  - Write file /tmp/1432851631213-0/velocity/facet_fields.vm
652  [main] INFO  org.apache.solr.cloud.ZkController  - Write file /tmp/1432851631213-0/velocity/queryGroup.vm
653  [main] INFO  org.apache.solr.cloud.ZkController  - Write file /tmp/1432851631213-0/elevate.xml
653  [main] INFO  org.apache.solr.cloud.ZkController  - Write file /tmp/1432851631213-0/admin-extra.menu-bottom.html
654  [main] INFO  org.apache.solr.cloud.ZkController  - Write file /tmp/1432851631213-0/schema.xml
735  [main] INFO  org.apache.solr.hadoop.MapReduceIndexerTool  - Indexing 1 files using 1 real mappers into 55 reducers
109826 [main] INFO  org.apache.solr.hadoop.MapReduceIndexerTool  - Done. Indexing 1 files using 1 real mappers into 55 reducers took 109.091 secs
109877 [main] INFO  org.apache.solr.hadoop.MapReduceIndexerTool  - MTree merge iteration 1/1: Merging 55 shards into 11 shards using fanout 5
139638 [main] INFO  org.apache.solr.hadoop.MapReduceIndexerTool  - MTree merge renaming solr shard: 1 from dir: hdfs://heahadn01.hadoop.searshc.com:8020/warehouse/made/work/solr/samplecollection_index/mtree-merge-output/part-m-00000 to dir: hdfs://heahadn01.hadoop.searshc.com:8020/warehouse/made/work/solr/samplecollection_index/mtree-merge-output/part-m-00001
139642 [main] INFO  org.apache.solr.hadoop.MapReduceIndexerTool  - MTree merge renaming solr shard: 2 from dir: hdfs://heahadn01.hadoop.searshc.com:8020/warehouse/made/work/solr/samplecollection_index/mtree-merge-output/part-m-00001 to dir: hdfs://heahadn01.hadoop.searshc.com:8020/warehouse/made/work/solr/samplecollection_index/mtree-merge-output/part-m-00002
139646 [main] INFO  org.apache.solr.hadoop.MapReduceIndexerTool  - MTree merge renaming solr shard: 3 from dir: hdfs://heahadn01.hadoop.searshc.com:8020/warehouse/made/work/solr/samplecollection_index/mtree-merge-output/part-m-00002 to dir: hdfs://heahadn01.hadoop.searshc.com:8020/warehouse/made/work/solr/samplecollection_index/mtree-merge-output/part-m-00003
139649 [main] INFO  org.apache.solr.hadoop.MapReduceIndexerTool  - MTree merge renaming solr shard: 4 from dir: hdfs://heahadn01.hadoop.searshc.com:8020/warehouse/made/work/solr/samplecollection_index/mtree-merge-output/part-m-00003 to dir: hdfs://heahadn01.hadoop.searshc.com:8020/warehouse/made/work/solr/samplecollection_index/mtree-merge-output/part-m-00004
139652 [main] INFO  org.apache.solr.hadoop.MapReduceIndexerTool  - MTree merge renaming solr shard: 5 from dir: hdfs://heahadn01.hadoop.searshc.com:8020/warehouse/made/work/solr/samplecollection_index/mtree-merge-output/part-m-00004 to dir: hdfs://heahadn01.hadoop.searshc.com:8020/warehouse/made/work/solr/samplecollection_index/mtree-merge-output/part-m-00005
139656 [main] INFO  org.apache.solr.hadoop.MapReduceIndexerTool  - MTree merge renaming solr shard: 6 from dir: hdfs://heahadn01.hadoop.searshc.com:8020/warehouse/made/work/solr/samplecollection_index/mtree-merge-output/part-m-00005 to dir: hdfs://heahadn01.hadoop.searshc.com:8020/warehouse/made/work/solr/samplecollection_index/mtree-merge-output/part-m-00006
139660 [main] INFO  org.apache.solr.hadoop.MapReduceIndexerTool  - MTree merge renaming solr shard: 7 from dir: hdfs://heahadn01.hadoop.searshc.com:8020/warehouse/made/work/solr/samplecollection_index/mtree-merge-output/part-m-00006 to dir: hdfs://heahadn01.hadoop.searshc.com:8020/warehouse/made/work/solr/samplecollection_index/mtree-merge-output/part-m-00007
139664 [main] INFO  org.apache.solr.hadoop.MapReduceIndexerTool  - MTree merge renaming solr shard: 8 from dir: hdfs://heahadn01.hadoop.searshc.com:8020/warehouse/made/work/solr/samplecollection_index/mtree-merge-output/part-m-00007 to dir: hdfs://heahadn01.hadoop.searshc.com:8020/warehouse/made/work/solr/samplecollection_index/mtree-merge-output/part-m-00008
139668 [main] INFO  org.apache.solr.hadoop.MapReduceIndexerTool  - MTree merge renaming solr shard: 9 from dir: hdfs://heahadn01.hadoop.searshc.com:8020/warehouse/made/work/solr/samplecollection_index/mtree-merge-output/part-m-00008 to dir: hdfs://heahadn01.hadoop.searshc.com:8020/warehouse/made/work/solr/samplecollection_index/mtree-merge-output/part-m-00009
139671 [main] INFO  org.apache.solr.hadoop.MapReduceIndexerTool  - MTree merge renaming solr shard: 10 from dir: hdfs://heahadn01.hadoop.searshc.com:8020/warehouse/made/work/solr/samplecollection_index/mtree-merge-output/part-m-00009 to dir: hdfs://heahadn01.hadoop.searshc.com:8020/warehouse/made/work/solr/samplecollection_index/mtree-merge-output/part-m-00010
139674 [main] INFO  org.apache.solr.hadoop.MapReduceIndexerTool  - MTree merge renaming solr shard: 0 from dir: hdfs://heahadn01.hadoop.searshc.com:8020/warehouse/made/work/solr/samplecollection_index/mtree-merge-output/part-m-00010 to dir: hdfs://heahadn01.hadoop.searshc.com:8020/warehouse/made/work/solr/samplecollection_index/mtree-merge-output/part-m-00000
139675 [main] INFO  org.apache.solr.hadoop.MapReduceIndexerTool  - MTree merge iteration 1/1: Done. Merging 55 shards into 11 shards using fanout 5 took 29.798 secs
139693 [main] INFO  org.apache.solr.hadoop.GoLive  - Live merging of output shards into Solr cluster...
139697 [pool-4-thread-5] INFO  org.apache.solr.hadoop.GoLive  - Live merge hdfs://heahadn01.hadoop.searshc.com:8020/warehouse/made/work/solr/samplecollection_index/results/part-00004 into http://heahv61-02.hadoop.searshc.com:8983/solr
139698 [pool-4-thread-9] INFO  org.apache.solr.hadoop.GoLive  - Live merge hdfs://heahadn01.hadoop.searshc.com:8020/warehouse/made/work/solr/samplecollection_index/results/part-00008 into http://heahv61-06.hadoop.searshc.com:8983/solr
139697 [pool-4-thread-4] INFO  org.apache.solr.hadoop.GoLive  - Live merge hdfs://heahadn01.hadoop.searshc.com:8020/warehouse/made/work/solr/samplecollection_index/results/part-00003 into http://heahv61-03.hadoop.searshc.com:8983/solr
139697 [pool-4-thread-3] INFO  org.apache.solr.hadoop.GoLive  - Live merge hdfs://heahadn01.hadoop.searshc.com:8020/warehouse/made/work/solr/samplecollection_index/results/part-00002 into http://heahv61-01.hadoop.searshc.com:8983/solr
139699 [pool-4-thread-11] INFO  org.apache.solr.hadoop.GoLive  - Live merge hdfs://heahadn01.hadoop.searshc.com:8020/warehouse/made/work/solr/samplecollection_index/results/part-00010 into http://heahada02.hadoop.searshc.com:8983/solr
139697 [pool-4-thread-1] INFO  org.apache.solr.hadoop.GoLive  - Live merge hdfs://heahadn01.hadoop.searshc.com:8020/warehouse/made/work/solr/samplecollection_index/results/part-00000 into http://heahu61-05.hadoop.searshc.com:8983/solr
139697 [pool-4-thread-8] INFO  org.apache.solr.hadoop.GoLive  - Live merge hdfs://heahadn01.hadoop.searshc.com:8020/warehouse/made/work/solr/samplecollection_index/results/part-00007 into http://heahu61-03.hadoop.searshc.com:8983/solr
139699 [pool-4-thread-10] INFO  org.apache.solr.hadoop.GoLive  - Live merge hdfs://heahadn01.hadoop.searshc.com:8020/warehouse/made/work/solr/samplecollection_index/results/part-00009 into http://heahu61-02.hadoop.searshc.com:8983/solr
139697 [pool-4-thread-7] INFO  org.apache.solr.hadoop.GoLive  - Live merge hdfs://heahadn01.hadoop.searshc.com:8020/warehouse/made/work/solr/samplecollection_index/results/part-00006 into http://heahu61-04.hadoop.searshc.com:8983/solr
139697 [pool-4-thread-6] INFO  org.apache.solr.hadoop.GoLive  - Live merge hdfs://heahadn01.hadoop.searshc.com:8020/warehouse/made/work/solr/samplecollection_index/results/part-00005 into http://heahv61-07.hadoop.searshc.com:8983/solr
139697 [pool-4-thread-2] INFO  org.apache.solr.hadoop.GoLive  - Live merge hdfs://heahadn01.hadoop.searshc.com:8020/warehouse/made/work/solr/samplecollection_index/results/part-00001 into http://heahv61-08.hadoop.searshc.com:8983/solr
139719 [pool-4-thread-5] INFO  org.apache.solr.client.solrj.impl.HttpClientUtil  - Creating new http client, config:maxConnections=128&maxConnectionsPerHost=32&followRedirects=false
139719 [pool-4-thread-6] INFO  org.apache.solr.client.solrj.impl.HttpClientUtil  - Creating new http client, config:maxConnections=128&maxConnectionsPerHost=32&followRedirects=false
139719 [pool-4-thread-10] INFO  org.apache.solr.client.solrj.impl.HttpClientUtil  - Creating new http client, config:maxConnections=128&maxConnectionsPerHost=32&followRedirects=false
139719 [pool-4-thread-4] INFO  org.apache.solr.client.solrj.impl.HttpClientUtil  - Creating new http client, config:maxConnections=128&maxConnectionsPerHost=32&followRedirects=false
139719 [pool-4-thread-7] INFO  org.apache.solr.client.solrj.impl.HttpClientUtil  - Creating new http client, config:maxConnections=128&maxConnectionsPerHost=32&followRedirects=false
139719 [pool-4-thread-11] INFO  org.apache.solr.client.solrj.impl.HttpClientUtil  - Creating new http client, config:maxConnections=128&maxConnectionsPerHost=32&followRedirects=false
139719 [pool-4-thread-9] INFO  org.apache.solr.client.solrj.impl.HttpClientUtil  - Creating new http client, config:maxConnections=128&maxConnectionsPerHost=32&followRedirects=false
139719 [pool-4-thread-3] INFO  org.apache.solr.client.solrj.impl.HttpClientUtil  - Creating new http client, config:maxConnections=128&maxConnectionsPerHost=32&followRedirects=false
139719 [pool-4-thread-2] INFO  org.apache.solr.client.solrj.impl.HttpClientUtil  - Creating new http client, config:maxConnections=128&maxConnectionsPerHost=32&followRedirects=false
139719 [pool-4-thread-1] INFO  org.apache.solr.client.solrj.impl.HttpClientUtil  - Creating new http client, config:maxConnections=128&maxConnectionsPerHost=32&followRedirects=false
139719 [pool-4-thread-8] INFO  org.apache.solr.client.solrj.impl.HttpClientUtil  - Creating new http client, config:maxConnections=128&maxConnectionsPerHost=32&followRedirects=false
140725 [main] INFO  org.apache.solr.hadoop.GoLive  - Committing live merge...
140726 [main] INFO  org.apache.solr.client.solrj.impl.HttpClientUtil  - Creating new http client, config:
140733 [main] INFO  org.apache.solr.common.cloud.ConnectionManager  - Waiting for client to connect to ZooKeeper
140736 [main-EventThread] INFO  org.apache.solr.common.cloud.ConnectionManager  - Watcher org.apache.solr.common.cloud.ConnectionManager@21a62353 name:ZooKeeperConnection Watcher:heahadn01:2181/solr got event WatchedEvent state:SyncConnected type:None path:null path:null type:None
140736 [main] INFO  org.apache.solr.common.cloud.ConnectionManager  - Client is connected to ZooKeeper
140737 [main] INFO  org.apache.solr.common.cloud.ZkStateReader  - Updating cluster state from ZooKeeper... 
144487 [main] INFO  org.apache.solr.hadoop.GoLive  - Done committing live merge
144488 [main] INFO  org.apache.solr.hadoop.GoLive  - Live merging of index shards into Solr cluster took 4.794 secs
144488 [main] INFO  org.apache.solr.hadoop.GoLive  - Live merging completed successfully
144488 [main] INFO  org.apache.solr.hadoop.MapReduceIndexerTool  - Succeeded with job: jobName: org.apache.solr.hadoop.MapReduceIndexerTool/TreeMergeMapper, jobId: job_1431524107318_11704
144488 [main] INFO  org.apache.solr.hadoop.MapReduceIndexerTool  - Success. Done. Program took 144.531 secs. Goodbye.
05/28/2015 06:22:55 PM RETURN CODE 0
