nohup: ignoring input
SCRIPT START - 05/08/2015 02:16:55 PM
No of Arguments: 11
Collection Name: shc-syw-profilegold-05-dv10
Output Dir: hdfs://heahadn01.hadoop.searshc.com:8020/work/syw_member_repo/cdi/goldenrecord_sample
Morphline File: /home/auto/smoham3/morphline/adhoc/gold.conf
Schema File: /home/auto/smoham3/morphline/adhoc/schema.xml
CREATING COLLECTION DIRECTORY
COPYING TEMPLATE COLLECTION FILES TO CURRENT COLLECTION DIRECTORY
COPYING SCHEMA FILE TO COLLECTION DIRECTORY
COPYING MORPHLINE FILE TO COLLECTION DIRECTORY
BASE_CONFIG_DIR: /appl/solr/map/shc-syw-profilegold-05-dv10
05/08/2015 02:16:55 PM STARTING INSTANCE DIR COMMAND
Uploading configs from /appl/solr/map/shc-syw-profilegold-05-dv10/conf to heahadn02.hadoop.searshc.com:2181,heahadj01.hadoop.searshc.com:2181,heahadn01.hadoop.searshc.com:2181/solr. This may take up to a minute.
05/08/2015 02:17:00 PM CREATING COLLECTION
0    [main] INFO  org.apache.solr.common.cloud.ConnectionManager  - Waiting for client to connect to ZooKeeper
9    [main-EventThread] INFO  org.apache.solr.common.cloud.ConnectionManager  - Watcher org.apache.solr.common.cloud.ConnectionManager@1a53c407 name:ZooKeeperConnection Watcher:heahadn01:2181/solr got event WatchedEvent state:SyncConnected type:None path:null path:null type:None
9    [main] INFO  org.apache.solr.common.cloud.ConnectionManager  - Client is connected to ZooKeeper
23   [main] INFO  org.apache.solr.common.cloud.ZkStateReader  - Updating cluster state from ZooKeeper... 
270  [main] INFO  org.apache.solr.hadoop.MapReduceIndexerTool  - Cluster reports 130 mapper slots
523  [main] INFO  org.apache.solr.hadoop.MapReduceIndexerTool  - Cluster reports 26 reduce slots
523  [main] INFO  org.apache.solr.hadoop.MapReduceIndexerTool  - Using these parameters: numFiles: 288, mappers: 1040, realMappers: 288, reducers: 33, shards: 11, fanout: 3, maxSegments: 1
523  [main] INFO  org.apache.solr.hadoop.MapReduceIndexerTool  - Randomizing list of 288 input files to spread indexing load more evenly among mappers
564  [main] INFO  org.apache.solr.hadoop.MapReduceIndexerTool  - Done. Randomizing list of 288 input files took 0.041 secs
575  [main] INFO  org.apache.solr.common.cloud.ConnectionManager  - Waiting for client to connect to ZooKeeper
577  [main-EventThread] INFO  org.apache.solr.common.cloud.ConnectionManager  - Watcher org.apache.solr.common.cloud.ConnectionManager@406bb9a1 name:ZooKeeperConnection Watcher:heahadn01:2181/solr got event WatchedEvent state:SyncConnected type:None path:null path:null type:None
577  [main] INFO  org.apache.solr.common.cloud.ConnectionManager  - Client is connected to ZooKeeper
578  [main] INFO  org.apache.solr.hadoop.ZooKeeperInspector  - Load collection config from:/collections/shc-syw-profilegold-05-dv10
590  [main] INFO  org.apache.solr.cloud.ZkController  - Write file /tmp/1431109029970-0/admin-extra.menu-top.html
598  [main] INFO  org.apache.solr.cloud.ZkController  - Write file /tmp/1431109029970-0/currency.xml
598  [main] INFO  org.apache.solr.cloud.ZkController  - Write file /tmp/1431109029970-0/protwords.txt
600  [main] INFO  org.apache.solr.cloud.ZkController  - Write file /tmp/1431109029970-0/mapping-FoldToASCII.txt
601  [main] INFO  org.apache.solr.cloud.ZkController  - Write file /tmp/1431109029970-0/synonyms-employment.txt
602  [main] INFO  org.apache.solr.cloud.ZkController  - Write file /tmp/1431109029970-0/solrconfig.xml
602  [main] INFO  org.apache.solr.cloud.ZkController  - Write file /tmp/1431109029970-0/stopwords.txt
604  [main] INFO  org.apache.solr.cloud.ZkController  - Write file /tmp/1431109029970-0/lang/contractions_ga.txt
605  [main] INFO  org.apache.solr.cloud.ZkController  - Write file /tmp/1431109029970-0/lang/stopwords_hi.txt
605  [main] INFO  org.apache.solr.cloud.ZkController  - Write file /tmp/1431109029970-0/lang/stopwords_eu.txt
606  [main] INFO  org.apache.solr.cloud.ZkController  - Write file /tmp/1431109029970-0/lang/userdict_ja.txt
606  [main] INFO  org.apache.solr.cloud.ZkController  - Write file /tmp/1431109029970-0/lang/contractions_it.txt
607  [main] INFO  org.apache.solr.cloud.ZkController  - Write file /tmp/1431109029970-0/lang/stopwords_sv.txt
607  [main] INFO  org.apache.solr.cloud.ZkController  - Write file /tmp/1431109029970-0/lang/stopwords_es.txt
608  [main] INFO  org.apache.solr.cloud.ZkController  - Write file /tmp/1431109029970-0/lang/stoptags_ja.txt
608  [main] INFO  org.apache.solr.cloud.ZkController  - Write file /tmp/1431109029970-0/lang/stemdict_nl.txt
609  [main] INFO  org.apache.solr.cloud.ZkController  - Write file /tmp/1431109029970-0/lang/stopwords_bg.txt
610  [main] INFO  org.apache.solr.cloud.ZkController  - Write file /tmp/1431109029970-0/lang/stopwords_hy.txt
610  [main] INFO  org.apache.solr.cloud.ZkController  - Write file /tmp/1431109029970-0/lang/stopwords_el.txt
611  [main] INFO  org.apache.solr.cloud.ZkController  - Write file /tmp/1431109029970-0/lang/hyphenations_ga.txt
611  [main] INFO  org.apache.solr.cloud.ZkController  - Write file /tmp/1431109029970-0/lang/stopwords_ar.txt
612  [main] INFO  org.apache.solr.cloud.ZkController  - Write file /tmp/1431109029970-0/lang/stopwords_fr.txt
612  [main] INFO  org.apache.solr.cloud.ZkController  - Write file /tmp/1431109029970-0/lang/stopwords_pt.txt
613  [main] INFO  org.apache.solr.cloud.ZkController  - Write file /tmp/1431109029970-0/lang/stopwords_nl.txt
613  [main] INFO  org.apache.solr.cloud.ZkController  - Write file /tmp/1431109029970-0/lang/stopwords_th.txt
614  [main] INFO  org.apache.solr.cloud.ZkController  - Write file /tmp/1431109029970-0/lang/stopwords_de.txt
615  [main] INFO  org.apache.solr.cloud.ZkController  - Write file /tmp/1431109029970-0/lang/stopwords_lv.txt
615  [main] INFO  org.apache.solr.cloud.ZkController  - Write file /tmp/1431109029970-0/lang/contractions_ca.txt
616  [main] INFO  org.apache.solr.cloud.ZkController  - Write file /tmp/1431109029970-0/lang/stopwords_ru.txt
616  [main] INFO  org.apache.solr.cloud.ZkController  - Write file /tmp/1431109029970-0/lang/stopwords_ca.txt
617  [main] INFO  org.apache.solr.cloud.ZkController  - Write file /tmp/1431109029970-0/lang/stopwords_da.txt
617  [main] INFO  org.apache.solr.cloud.ZkController  - Write file /tmp/1431109029970-0/lang/stopwords_gl.txt
618  [main] INFO  org.apache.solr.cloud.ZkController  - Write file /tmp/1431109029970-0/lang/stopwords_no.txt
618  [main] INFO  org.apache.solr.cloud.ZkController  - Write file /tmp/1431109029970-0/lang/stopwords_fa.txt
619  [main] INFO  org.apache.solr.cloud.ZkController  - Write file /tmp/1431109029970-0/lang/stopwords_hu.txt
620  [main] INFO  org.apache.solr.cloud.ZkController  - Write file /tmp/1431109029970-0/lang/stopwords_tr.txt
620  [main] INFO  org.apache.solr.cloud.ZkController  - Write file /tmp/1431109029970-0/lang/stopwords_ro.txt
621  [main] INFO  org.apache.solr.cloud.ZkController  - Write file /tmp/1431109029970-0/lang/stopwords_id.txt
621  [main] INFO  org.apache.solr.cloud.ZkController  - Write file /tmp/1431109029970-0/lang/stopwords_cz.txt
622  [main] INFO  org.apache.solr.cloud.ZkController  - Write file /tmp/1431109029970-0/lang/stopwords_ja.txt
622  [main] INFO  org.apache.solr.cloud.ZkController  - Write file /tmp/1431109029970-0/lang/stopwords_fi.txt
623  [main] INFO  org.apache.solr.cloud.ZkController  - Write file /tmp/1431109029970-0/lang/stopwords_it.txt
623  [main] INFO  org.apache.solr.cloud.ZkController  - Write file /tmp/1431109029970-0/lang/contractions_fr.txt
624  [main] INFO  org.apache.solr.cloud.ZkController  - Write file /tmp/1431109029970-0/lang/stopwords_ga.txt
624  [main] INFO  org.apache.solr.cloud.ZkController  - Write file /tmp/1431109029970-0/lang/stopwords_en.txt
625  [main] INFO  org.apache.solr.cloud.ZkController  - Write file /tmp/1431109029970-0/spellings.txt
625  [main] INFO  org.apache.solr.cloud.ZkController  - Write file /tmp/1431109029970-0/mapping-ISOLatin1Accent.txt
626  [main] INFO  org.apache.solr.cloud.ZkController  - Write file /tmp/1431109029970-0/admin-extra.html
627  [main] INFO  org.apache.solr.cloud.ZkController  - Write file /tmp/1431109029970-0/xslt/luke.xsl
628  [main] INFO  org.apache.solr.cloud.ZkController  - Write file /tmp/1431109029970-0/xslt/updateXml.xsl
628  [main] INFO  org.apache.solr.cloud.ZkController  - Write file /tmp/1431109029970-0/xslt/example_atom.xsl
629  [main] INFO  org.apache.solr.cloud.ZkController  - Write file /tmp/1431109029970-0/xslt/example_rss.xsl
629  [main] INFO  org.apache.solr.cloud.ZkController  - Write file /tmp/1431109029970-0/xslt/example.xsl
630  [main] INFO  org.apache.solr.cloud.ZkController  - Write file /tmp/1431109029970-0/scripts.conf
630  [main] INFO  org.apache.solr.cloud.ZkController  - Write file /tmp/1431109029970-0/synonyms.txt
631  [main] INFO  org.apache.solr.cloud.ZkController  - Write file /tmp/1431109029970-0/update-script.js
632  [main] INFO  org.apache.solr.cloud.ZkController  - Write file /tmp/1431109029970-0/velocity/join-doc.vm
633  [main] INFO  org.apache.solr.cloud.ZkController  - Write file /tmp/1431109029970-0/velocity/layout.vm
633  [main] INFO  org.apache.solr.cloud.ZkController  - Write file /tmp/1431109029970-0/velocity/clusterResults.vm
634  [main] INFO  org.apache.solr.cloud.ZkController  - Write file /tmp/1431109029970-0/velocity/debug.vm
634  [main] INFO  org.apache.solr.cloud.ZkController  - Write file /tmp/1431109029970-0/velocity/facet_queries.vm
635  [main] INFO  org.apache.solr.cloud.ZkController  - Write file /tmp/1431109029970-0/velocity/product-doc.vm
635  [main] INFO  org.apache.solr.cloud.ZkController  - Write file /tmp/1431109029970-0/velocity/main.css
636  [main] INFO  org.apache.solr.cloud.ZkController  - Write file /tmp/1431109029970-0/velocity/VM_global_library.vm
636  [main] INFO  org.apache.solr.cloud.ZkController  - Write file /tmp/1431109029970-0/velocity/hitGrouped.vm
637  [main] INFO  org.apache.solr.cloud.ZkController  - Write file /tmp/1431109029970-0/velocity/facets.vm
637  [main] INFO  org.apache.solr.cloud.ZkController  - Write file /tmp/1431109029970-0/velocity/head.vm
638  [main] INFO  org.apache.solr.cloud.ZkController  - Write file /tmp/1431109029970-0/velocity/querySpatial.vm
638  [main] INFO  org.apache.solr.cloud.ZkController  - Write file /tmp/1431109029970-0/velocity/cluster.vm
639  [main] INFO  org.apache.solr.cloud.ZkController  - Write file /tmp/1431109029970-0/velocity/jquery.autocomplete.js
640  [main] INFO  org.apache.solr.cloud.ZkController  - Write file /tmp/1431109029970-0/velocity/browse.vm
640  [main] INFO  org.apache.solr.cloud.ZkController  - Write file /tmp/1431109029970-0/velocity/facet_pivot.vm
641  [main] INFO  org.apache.solr.cloud.ZkController  - Write file /tmp/1431109029970-0/velocity/footer.vm
641  [main] INFO  org.apache.solr.cloud.ZkController  - Write file /tmp/1431109029970-0/velocity/did_you_mean.vm
642  [main] INFO  org.apache.solr.cloud.ZkController  - Write file /tmp/1431109029970-0/velocity/richtext-doc.vm
642  [main] INFO  org.apache.solr.cloud.ZkController  - Write file /tmp/1431109029970-0/velocity/jquery.autocomplete.css
643  [main] INFO  org.apache.solr.cloud.ZkController  - Write file /tmp/1431109029970-0/velocity/header.vm
643  [main] INFO  org.apache.solr.cloud.ZkController  - Write file /tmp/1431109029970-0/velocity/hit.vm
644  [main] INFO  org.apache.solr.cloud.ZkController  - Write file /tmp/1431109029970-0/velocity/suggest.vm
644  [main] INFO  org.apache.solr.cloud.ZkController  - Write file /tmp/1431109029970-0/velocity/query.vm
645  [main] INFO  org.apache.solr.cloud.ZkController  - Write file /tmp/1431109029970-0/velocity/facet_ranges.vm
645  [main] INFO  org.apache.solr.cloud.ZkController  - Write file /tmp/1431109029970-0/velocity/tabs.vm
646  [main] INFO  org.apache.solr.cloud.ZkController  - Write file /tmp/1431109029970-0/velocity/facet_fields.vm
646  [main] INFO  org.apache.solr.cloud.ZkController  - Write file /tmp/1431109029970-0/velocity/queryGroup.vm
647  [main] INFO  org.apache.solr.cloud.ZkController  - Write file /tmp/1431109029970-0/elevate.xml
647  [main] INFO  org.apache.solr.cloud.ZkController  - Write file /tmp/1431109029970-0/admin-extra.menu-bottom.html
648  [main] INFO  org.apache.solr.cloud.ZkController  - Write file /tmp/1431109029970-0/schema.xml
717  [main] INFO  org.apache.solr.hadoop.MapReduceIndexerTool  - Indexing 288 files using 288 real mappers into 33 reducers
3792652 [main] INFO  org.apache.solr.hadoop.MapReduceIndexerTool  - Done. Indexing 288 files using 288 real mappers into 33 reducers took 3791.934 secs
3792684 [main] INFO  org.apache.solr.hadoop.MapReduceIndexerTool  - MTree merge iteration 1/1: Merging 33 shards into 11 shards using fanout 3
3974908 [main] INFO  org.apache.solr.hadoop.MapReduceIndexerTool  - MTree merge renaming solr shard: 1 from dir: hdfs://heahadn01.hadoop.searshc.com:8020/work/syw_member_repo/cdi/goldenrecord_sample/mtree-merge-output/part-m-00000 to dir: hdfs://heahadn01.hadoop.searshc.com:8020/work/syw_member_repo/cdi/goldenrecord_sample/mtree-merge-output/part-m-00001
3974912 [main] INFO  org.apache.solr.hadoop.MapReduceIndexerTool  - MTree merge renaming solr shard: 2 from dir: hdfs://heahadn01.hadoop.searshc.com:8020/work/syw_member_repo/cdi/goldenrecord_sample/mtree-merge-output/part-m-00001 to dir: hdfs://heahadn01.hadoop.searshc.com:8020/work/syw_member_repo/cdi/goldenrecord_sample/mtree-merge-output/part-m-00002
3974914 [main] INFO  org.apache.solr.hadoop.MapReduceIndexerTool  - MTree merge renaming solr shard: 3 from dir: hdfs://heahadn01.hadoop.searshc.com:8020/work/syw_member_repo/cdi/goldenrecord_sample/mtree-merge-output/part-m-00002 to dir: hdfs://heahadn01.hadoop.searshc.com:8020/work/syw_member_repo/cdi/goldenrecord_sample/mtree-merge-output/part-m-00003
3974917 [main] INFO  org.apache.solr.hadoop.MapReduceIndexerTool  - MTree merge renaming solr shard: 4 from dir: hdfs://heahadn01.hadoop.searshc.com:8020/work/syw_member_repo/cdi/goldenrecord_sample/mtree-merge-output/part-m-00003 to dir: hdfs://heahadn01.hadoop.searshc.com:8020/work/syw_member_repo/cdi/goldenrecord_sample/mtree-merge-output/part-m-00004
3974920 [main] INFO  org.apache.solr.hadoop.MapReduceIndexerTool  - MTree merge renaming solr shard: 5 from dir: hdfs://heahadn01.hadoop.searshc.com:8020/work/syw_member_repo/cdi/goldenrecord_sample/mtree-merge-output/part-m-00004 to dir: hdfs://heahadn01.hadoop.searshc.com:8020/work/syw_member_repo/cdi/goldenrecord_sample/mtree-merge-output/part-m-00005
3974924 [main] INFO  org.apache.solr.hadoop.MapReduceIndexerTool  - MTree merge renaming solr shard: 6 from dir: hdfs://heahadn01.hadoop.searshc.com:8020/work/syw_member_repo/cdi/goldenrecord_sample/mtree-merge-output/part-m-00005 to dir: hdfs://heahadn01.hadoop.searshc.com:8020/work/syw_member_repo/cdi/goldenrecord_sample/mtree-merge-output/part-m-00006
3974927 [main] INFO  org.apache.solr.hadoop.MapReduceIndexerTool  - MTree merge renaming solr shard: 7 from dir: hdfs://heahadn01.hadoop.searshc.com:8020/work/syw_member_repo/cdi/goldenrecord_sample/mtree-merge-output/part-m-00006 to dir: hdfs://heahadn01.hadoop.searshc.com:8020/work/syw_member_repo/cdi/goldenrecord_sample/mtree-merge-output/part-m-00007
3974930 [main] INFO  org.apache.solr.hadoop.MapReduceIndexerTool  - MTree merge renaming solr shard: 8 from dir: hdfs://heahadn01.hadoop.searshc.com:8020/work/syw_member_repo/cdi/goldenrecord_sample/mtree-merge-output/part-m-00007 to dir: hdfs://heahadn01.hadoop.searshc.com:8020/work/syw_member_repo/cdi/goldenrecord_sample/mtree-merge-output/part-m-00008
3974933 [main] INFO  org.apache.solr.hadoop.MapReduceIndexerTool  - MTree merge renaming solr shard: 9 from dir: hdfs://heahadn01.hadoop.searshc.com:8020/work/syw_member_repo/cdi/goldenrecord_sample/mtree-merge-output/part-m-00008 to dir: hdfs://heahadn01.hadoop.searshc.com:8020/work/syw_member_repo/cdi/goldenrecord_sample/mtree-merge-output/part-m-00009
3974943 [main] INFO  org.apache.solr.hadoop.MapReduceIndexerTool  - MTree merge renaming solr shard: 10 from dir: hdfs://heahadn01.hadoop.searshc.com:8020/work/syw_member_repo/cdi/goldenrecord_sample/mtree-merge-output/part-m-00009 to dir: hdfs://heahadn01.hadoop.searshc.com:8020/work/syw_member_repo/cdi/goldenrecord_sample/mtree-merge-output/part-m-00010
3974953 [main] INFO  org.apache.solr.hadoop.MapReduceIndexerTool  - MTree merge renaming solr shard: 0 from dir: hdfs://heahadn01.hadoop.searshc.com:8020/work/syw_member_repo/cdi/goldenrecord_sample/mtree-merge-output/part-m-00010 to dir: hdfs://heahadn01.hadoop.searshc.com:8020/work/syw_member_repo/cdi/goldenrecord_sample/mtree-merge-output/part-m-00000
3974954 [main] INFO  org.apache.solr.hadoop.MapReduceIndexerTool  - MTree merge iteration 1/1: Done. Merging 33 shards into 11 shards using fanout 3 took 182.269 secs
3975071 [main] INFO  org.apache.solr.hadoop.GoLive  - Live merging of output shards into Solr cluster...
3975077 [pool-4-thread-3] INFO  org.apache.solr.hadoop.GoLive  - Live merge hdfs://heahadn01.hadoop.searshc.com:8020/work/syw_member_repo/cdi/goldenrecord_sample/results/part-00002 into http://heahada02.hadoop.searshc.com:8983/solr
3975077 [pool-4-thread-10] INFO  org.apache.solr.hadoop.GoLive  - Live merge hdfs://heahadn01.hadoop.searshc.com:8020/work/syw_member_repo/cdi/goldenrecord_sample/results/part-00009 into http://heahu61-05.hadoop.searshc.com:8983/solr
3975076 [pool-4-thread-4] INFO  org.apache.solr.hadoop.GoLive  - Live merge hdfs://heahadn01.hadoop.searshc.com:8020/work/syw_member_repo/cdi/goldenrecord_sample/results/part-00003 into http://heahv61-04.hadoop.searshc.com:8983/solr
3975076 [pool-4-thread-6] INFO  org.apache.solr.hadoop.GoLive  - Live merge hdfs://heahadn01.hadoop.searshc.com:8020/work/syw_member_repo/cdi/goldenrecord_sample/results/part-00005 into http://heahv61-08.hadoop.searshc.com:8983/solr
3975076 [pool-4-thread-8] INFO  org.apache.solr.hadoop.GoLive  - Live merge hdfs://heahadn01.hadoop.searshc.com:8020/work/syw_member_repo/cdi/goldenrecord_sample/results/part-00007 into http://heahu61-03.hadoop.searshc.com:8983/solr
3975076 [pool-4-thread-2] INFO  org.apache.solr.hadoop.GoLive  - Live merge hdfs://heahadn01.hadoop.searshc.com:8020/work/syw_member_repo/cdi/goldenrecord_sample/results/part-00001 into http://heahv61-05.hadoop.searshc.com:8983/solr
3975077 [pool-4-thread-11] INFO  org.apache.solr.hadoop.GoLive  - Live merge hdfs://heahadn01.hadoop.searshc.com:8020/work/syw_member_repo/cdi/goldenrecord_sample/results/part-00010 into http://heahv61-02.hadoop.searshc.com:8983/solr
3975076 [pool-4-thread-7] INFO  org.apache.solr.hadoop.GoLive  - Live merge hdfs://heahadn01.hadoop.searshc.com:8020/work/syw_member_repo/cdi/goldenrecord_sample/results/part-00006 into http://heahu61-02.hadoop.searshc.com:8983/solr
3975076 [pool-4-thread-5] INFO  org.apache.solr.hadoop.GoLive  - Live merge hdfs://heahadn01.hadoop.searshc.com:8020/work/syw_member_repo/cdi/goldenrecord_sample/results/part-00004 into http://heahv61-01.hadoop.searshc.com:8983/solr
3975076 [pool-4-thread-1] INFO  org.apache.solr.hadoop.GoLive  - Live merge hdfs://heahadn01.hadoop.searshc.com:8020/work/syw_member_repo/cdi/goldenrecord_sample/results/part-00000 into http://heahu61-04.hadoop.searshc.com:8983/solr
3975077 [pool-4-thread-9] INFO  org.apache.solr.hadoop.GoLive  - Live merge hdfs://heahadn01.hadoop.searshc.com:8020/work/syw_member_repo/cdi/goldenrecord_sample/results/part-00008 into http://heahv61-07.hadoop.searshc.com:8983/solr
3975114 [pool-4-thread-8] INFO  org.apache.solr.client.solrj.impl.HttpClientUtil  - Creating new http client, config:maxConnections=128&maxConnectionsPerHost=32&followRedirects=false
3975115 [pool-4-thread-10] INFO  org.apache.solr.client.solrj.impl.HttpClientUtil  - Creating new http client, config:maxConnections=128&maxConnectionsPerHost=32&followRedirects=false
3975114 [pool-4-thread-7] INFO  org.apache.solr.client.solrj.impl.HttpClientUtil  - Creating new http client, config:maxConnections=128&maxConnectionsPerHost=32&followRedirects=false
3975114 [pool-4-thread-1] INFO  org.apache.solr.client.solrj.impl.HttpClientUtil  - Creating new http client, config:maxConnections=128&maxConnectionsPerHost=32&followRedirects=false
3975114 [pool-4-thread-9] INFO  org.apache.solr.client.solrj.impl.HttpClientUtil  - Creating new http client, config:maxConnections=128&maxConnectionsPerHost=32&followRedirects=false
3975114 [pool-4-thread-5] INFO  org.apache.solr.client.solrj.impl.HttpClientUtil  - Creating new http client, config:maxConnections=128&maxConnectionsPerHost=32&followRedirects=false
3975119 [pool-4-thread-6] INFO  org.apache.solr.client.solrj.impl.HttpClientUtil  - Creating new http client, config:maxConnections=128&maxConnectionsPerHost=32&followRedirects=false
3975122 [pool-4-thread-3] INFO  org.apache.solr.client.solrj.impl.HttpClientUtil  - Creating new http client, config:maxConnections=128&maxConnectionsPerHost=32&followRedirects=false
3975122 [pool-4-thread-11] INFO  org.apache.solr.client.solrj.impl.HttpClientUtil  - Creating new http client, config:maxConnections=128&maxConnectionsPerHost=32&followRedirects=false
3975122 [pool-4-thread-2] INFO  org.apache.solr.client.solrj.impl.HttpClientUtil  - Creating new http client, config:maxConnections=128&maxConnectionsPerHost=32&followRedirects=false
3975122 [pool-4-thread-4] INFO  org.apache.solr.client.solrj.impl.HttpClientUtil  - Creating new http client, config:maxConnections=128&maxConnectionsPerHost=32&followRedirects=false
5040097 [main] INFO  org.apache.solr.hadoop.GoLive  - Committing live merge...
5040099 [main] INFO  org.apache.solr.client.solrj.impl.HttpClientUtil  - Creating new http client, config:
5040106 [main] INFO  org.apache.solr.common.cloud.ConnectionManager  - Waiting for client to connect to ZooKeeper
5040108 [main-EventThread] INFO  org.apache.solr.common.cloud.ConnectionManager  - Watcher org.apache.solr.common.cloud.ConnectionManager@20a19599 name:ZooKeeperConnection Watcher:heahadn01:2181/solr got event WatchedEvent state:SyncConnected type:None path:null path:null type:None
5040109 [main] INFO  org.apache.solr.common.cloud.ConnectionManager  - Client is connected to ZooKeeper
5040110 [main] INFO  org.apache.solr.common.cloud.ZkStateReader  - Updating cluster state from ZooKeeper... 
5116001 [main] INFO  org.apache.solr.hadoop.GoLive  - Done committing live merge
5116002 [main] INFO  org.apache.solr.hadoop.GoLive  - Live merging of index shards into Solr cluster took 1140.93 secs
5116002 [main] INFO  org.apache.solr.hadoop.GoLive  - Live merging completed successfully
5116002 [main] INFO  org.apache.solr.hadoop.MapReduceIndexerTool  - Succeeded with job: jobName: org.apache.solr.hadoop.MapReduceIndexerTool/TreeMergeMapper, jobId: job_1428084673209_12993
5116002 [main] INFO  org.apache.solr.hadoop.MapReduceIndexerTool  - Success. Done. Program took 5116.046 secs. Goodbye.
05/08/2015 03:42:25 PM RETURN CODE 0
